

============================== 2023-05-04 12:34:15.718287 | 0272c921-4ccf-40ab-8922-c70d1e8ceccd ==============================
[0m12:34:15.718287 [info ] [MainThread]: Running with dbt=1.4.6
[0m12:34:15.718287 [debug] [MainThread]: running dbt with arguments {'write_json': True, 'use_colors': True, 'printer_width': 80, 'version_check': True, 'partial_parse': True, 'static_parser': True, 'profiles_dir': 'C:\\Users\\Nikolay\\.dbt', 'send_anonymous_usage_stats': True, 'quiet': False, 'no_print': False, 'cache_selected_only': False, 'project_name': 'uk_property', 'skip_profile_setup': False, 'which': 'init', 'indirect_selection': 'eager'}
[0m12:34:15.718287 [debug] [MainThread]: Tracking: tracking
[0m12:34:15.743054 [debug] [MainThread]: Sending event: {'category': 'dbt', 'action': 'invocation', 'label': 'start', 'context': [<snowplow_tracker.self_describing_json.SelfDescribingJson object at 0x0000026A66BC7C40>, <snowplow_tracker.self_describing_json.SelfDescribingJson object at 0x0000026A66BA1B80>, <snowplow_tracker.self_describing_json.SelfDescribingJson object at 0x0000026A66BA1190>]}
[0m12:34:15.746053 [debug] [MainThread]: Starter project path: C:\Users\Nikolay\Dev\edu\DEZoomcamp_project\.venv\lib\site-packages\dbt\include\starter_project
[0m12:34:20.182306 [info ] [MainThread]: No sample profile found for clickhouse.
[0m12:34:20.182818 [info ] [MainThread]: 
Your new dbt project "uk_property" was created!

For more information on how to configure the profiles.yml file,
please consult the dbt documentation here:

  https://docs.getdbt.com/docs/configure-your-profile

One more thing:

Need help? Don't hesitate to reach out to us via GitHub issues or on Slack:

  https://community.getdbt.com/

Happy modeling!

[0m12:34:20.186831 [debug] [MainThread]: Sending event: {'category': 'dbt', 'action': 'invocation', 'label': 'end', 'context': [<snowplow_tracker.self_describing_json.SelfDescribingJson object at 0x0000026A66C6A8E0>, <snowplow_tracker.self_describing_json.SelfDescribingJson object at 0x0000026A66BA11C0>, <snowplow_tracker.self_describing_json.SelfDescribingJson object at 0x0000026A66BA12E0>]}
[0m12:34:20.187835 [debug] [MainThread]: Flushing usage events


============================== 2023-05-04 12:35:57.777833 | 25488348-b044-45a2-a430-7506706303e4 ==============================
[0m12:35:57.777833 [info ] [MainThread]: Running with dbt=1.4.6
[0m12:35:57.777833 [debug] [MainThread]: running dbt with arguments {'write_json': True, 'use_colors': True, 'printer_width': 80, 'version_check': True, 'partial_parse': True, 'static_parser': True, 'profiles_dir': 'C:\\Users\\Nikolay\\.dbt', 'send_anonymous_usage_stats': True, 'quiet': False, 'no_print': False, 'cache_selected_only': False, 'config_dir': False, 'which': 'debug', 'indirect_selection': 'eager'}
[0m12:35:57.777833 [debug] [MainThread]: Tracking: tracking
[0m12:35:57.811031 [debug] [MainThread]: Sending event: {'category': 'dbt', 'action': 'invocation', 'label': 'start', 'context': [<snowplow_tracker.self_describing_json.SelfDescribingJson object at 0x0000015767377A90>, <snowplow_tracker.self_describing_json.SelfDescribingJson object at 0x0000015767351FA0>, <snowplow_tracker.self_describing_json.SelfDescribingJson object at 0x0000015767351E20>]}
[0m12:35:57.821360 [info ] [MainThread]: Error importing adapter: No module named 'dbt.adapters.postgres'
[0m12:35:57.896062 [debug] [MainThread]: Executing "git --help"
[0m12:35:57.922057 [debug] [MainThread]: STDOUT: "b"usage: git [--version] [--help] [-C <path>] [-c <name>=<value>]\n           [--exec-path[=<path>]] [--html-path] [--man-path] [--info-path]\n           [-p | --paginate | -P | --no-pager] [--no-replace-objects] [--bare]\n           [--git-dir=<path>] [--work-tree=<path>] [--namespace=<name>]\n           [--super-prefix=<path>] [--config-env=<name>=<envvar>]\n           <command> [<args>]\n\nThese are common Git commands used in various situations:\n\nstart a working area (see also: git help tutorial)\n   clone     Clone a repository into a new directory\n   init      Create an empty Git repository or reinitialize an existing one\n\nwork on the current change (see also: git help everyday)\n   add       Add file contents to the index\n   mv        Move or rename a file, a directory, or a symlink\n   restore   Restore working tree files\n   rm        Remove files from the working tree and from the index\n\nexamine the history and state (see also: git help revisions)\n   bisect    Use binary search to find the commit that introduced a bug\n   diff      Show changes between commits, commit and working tree, etc\n   grep      Print lines matching a pattern\n   log       Show commit logs\n   show      Show various types of objects\n   status    Show the working tree status\n\ngrow, mark and tweak your common history\n   branch    List, create, or delete branches\n   commit    Record changes to the repository\n   merge     Join two or more development histories together\n   rebase    Reapply commits on top of another base tip\n   reset     Reset current HEAD to the specified state\n   switch    Switch branches\n   tag       Create, list, delete or verify a tag object signed with GPG\n\ncollaborate (see also: git help workflows)\n   fetch     Download objects and refs from another repository\n   pull      Fetch from and integrate with another repository or a local branch\n   push      Update remote refs along with associated objects\n\n'git help -a' and 'git help -g' list available subcommands and some\nconcept guides. See 'git help <command>' or 'git help <concept>'\nto read about a specific subcommand or concept.\nSee 'git help git' for an overview of the system.\n""
[0m12:35:57.922057 [debug] [MainThread]: STDERR: "b''"
[0m12:35:57.926058 [debug] [MainThread]: Sending event: {'category': 'dbt', 'action': 'invocation', 'label': 'end', 'context': [<snowplow_tracker.self_describing_json.SelfDescribingJson object at 0x000001576736B9A0>, <snowplow_tracker.self_describing_json.SelfDescribingJson object at 0x000001576541F190>, <snowplow_tracker.self_describing_json.SelfDescribingJson object at 0x00000157673518B0>]}
[0m12:35:57.926058 [debug] [MainThread]: Flushing usage events


============================== 2023-05-04 12:37:55.981567 | 58f68613-c2bd-408f-8452-f4133bc33a60 ==============================
[0m12:37:55.981567 [info ] [MainThread]: Running with dbt=1.4.6
[0m12:37:55.997207 [debug] [MainThread]: running dbt with arguments {'write_json': True, 'use_colors': True, 'printer_width': 80, 'version_check': True, 'partial_parse': True, 'static_parser': True, 'profiles_dir': 'C:\\Users\\Nikolay\\.dbt', 'send_anonymous_usage_stats': True, 'quiet': False, 'no_print': False, 'cache_selected_only': False, 'config_dir': False, 'which': 'debug', 'indirect_selection': 'eager'}
[0m12:37:55.997207 [debug] [MainThread]: Tracking: tracking
[0m12:37:56.017316 [debug] [MainThread]: Sending event: {'category': 'dbt', 'action': 'invocation', 'label': 'start', 'context': [<snowplow_tracker.self_describing_json.SelfDescribingJson object at 0x0000018B7F937A90>, <snowplow_tracker.self_describing_json.SelfDescribingJson object at 0x0000018B7F925700>, <snowplow_tracker.self_describing_json.SelfDescribingJson object at 0x0000018B7F925670>]}
[0m12:37:56.090318 [debug] [MainThread]: Executing "git --help"
[0m12:37:56.117320 [debug] [MainThread]: STDOUT: "b"usage: git [--version] [--help] [-C <path>] [-c <name>=<value>]\n           [--exec-path[=<path>]] [--html-path] [--man-path] [--info-path]\n           [-p | --paginate | -P | --no-pager] [--no-replace-objects] [--bare]\n           [--git-dir=<path>] [--work-tree=<path>] [--namespace=<name>]\n           [--super-prefix=<path>] [--config-env=<name>=<envvar>]\n           <command> [<args>]\n\nThese are common Git commands used in various situations:\n\nstart a working area (see also: git help tutorial)\n   clone     Clone a repository into a new directory\n   init      Create an empty Git repository or reinitialize an existing one\n\nwork on the current change (see also: git help everyday)\n   add       Add file contents to the index\n   mv        Move or rename a file, a directory, or a symlink\n   restore   Restore working tree files\n   rm        Remove files from the working tree and from the index\n\nexamine the history and state (see also: git help revisions)\n   bisect    Use binary search to find the commit that introduced a bug\n   diff      Show changes between commits, commit and working tree, etc\n   grep      Print lines matching a pattern\n   log       Show commit logs\n   show      Show various types of objects\n   status    Show the working tree status\n\ngrow, mark and tweak your common history\n   branch    List, create, or delete branches\n   commit    Record changes to the repository\n   merge     Join two or more development histories together\n   rebase    Reapply commits on top of another base tip\n   reset     Reset current HEAD to the specified state\n   switch    Switch branches\n   tag       Create, list, delete or verify a tag object signed with GPG\n\ncollaborate (see also: git help workflows)\n   fetch     Download objects and refs from another repository\n   pull      Fetch from and integrate with another repository or a local branch\n   push      Update remote refs along with associated objects\n\n'git help -a' and 'git help -g' list available subcommands and some\nconcept guides. See 'git help <command>' or 'git help <concept>'\nto read about a specific subcommand or concept.\nSee 'git help git' for an overview of the system.\n""
[0m12:37:56.118315 [debug] [MainThread]: STDERR: "b''"
[0m12:37:56.125316 [debug] [MainThread]: Acquiring new clickhouse connection 'debug'
[0m12:37:56.126317 [debug] [MainThread]: Opening a new connection, currently in state init
[0m12:37:58.233909 [debug] [MainThread]: dbt_clickhouse adapter: On debug: select 1 as id...
[0m12:37:58.487900 [debug] [MainThread]: dbt_clickhouse adapter: SQL status: OK in 0.25 seconds
[0m12:37:58.487900 [debug] [MainThread]: Sending event: {'category': 'dbt', 'action': 'invocation', 'label': 'end', 'context': [<snowplow_tracker.self_describing_json.SelfDescribingJson object at 0x0000018B7F925A00>, <snowplow_tracker.self_describing_json.SelfDescribingJson object at 0x0000018B7F90A250>, <snowplow_tracker.self_describing_json.SelfDescribingJson object at 0x0000018B7F9D3A60>]}
[0m12:37:58.495485 [debug] [MainThread]: Flushing usage events
[0m12:37:59.088897 [debug] [MainThread]: Connection 'debug' was left open.
[0m12:37:59.105290 [debug] [MainThread]: On debug: Close


============================== 2023-05-04 12:39:00.084985 | 6b46ac95-aec7-4906-b04a-e8b336ba37c9 ==============================
[0m12:39:00.084985 [info ] [MainThread]: Running with dbt=1.4.6
[0m12:39:00.087413 [debug] [MainThread]: running dbt with arguments {'write_json': True, 'use_colors': True, 'printer_width': 80, 'version_check': True, 'partial_parse': True, 'static_parser': True, 'profiles_dir': 'C:\\Users\\Nikolay\\.dbt', 'send_anonymous_usage_stats': True, 'quiet': False, 'no_print': False, 'cache_selected_only': False, 'config_dir': False, 'which': 'debug', 'indirect_selection': 'eager'}
[0m12:39:00.087413 [debug] [MainThread]: Tracking: tracking
[0m12:39:00.106410 [debug] [MainThread]: Sending event: {'category': 'dbt', 'action': 'invocation', 'label': 'start', 'context': [<snowplow_tracker.self_describing_json.SelfDescribingJson object at 0x0000027F733E7B20>, <snowplow_tracker.self_describing_json.SelfDescribingJson object at 0x0000027F733C1D00>, <snowplow_tracker.self_describing_json.SelfDescribingJson object at 0x0000027F733C19D0>]}
[0m12:39:00.177414 [debug] [MainThread]: Executing "git --help"
[0m12:39:00.203412 [debug] [MainThread]: STDOUT: "b"usage: git [--version] [--help] [-C <path>] [-c <name>=<value>]\n           [--exec-path[=<path>]] [--html-path] [--man-path] [--info-path]\n           [-p | --paginate | -P | --no-pager] [--no-replace-objects] [--bare]\n           [--git-dir=<path>] [--work-tree=<path>] [--namespace=<name>]\n           [--super-prefix=<path>] [--config-env=<name>=<envvar>]\n           <command> [<args>]\n\nThese are common Git commands used in various situations:\n\nstart a working area (see also: git help tutorial)\n   clone     Clone a repository into a new directory\n   init      Create an empty Git repository or reinitialize an existing one\n\nwork on the current change (see also: git help everyday)\n   add       Add file contents to the index\n   mv        Move or rename a file, a directory, or a symlink\n   restore   Restore working tree files\n   rm        Remove files from the working tree and from the index\n\nexamine the history and state (see also: git help revisions)\n   bisect    Use binary search to find the commit that introduced a bug\n   diff      Show changes between commits, commit and working tree, etc\n   grep      Print lines matching a pattern\n   log       Show commit logs\n   show      Show various types of objects\n   status    Show the working tree status\n\ngrow, mark and tweak your common history\n   branch    List, create, or delete branches\n   commit    Record changes to the repository\n   merge     Join two or more development histories together\n   rebase    Reapply commits on top of another base tip\n   reset     Reset current HEAD to the specified state\n   switch    Switch branches\n   tag       Create, list, delete or verify a tag object signed with GPG\n\ncollaborate (see also: git help workflows)\n   fetch     Download objects and refs from another repository\n   pull      Fetch from and integrate with another repository or a local branch\n   push      Update remote refs along with associated objects\n\n'git help -a' and 'git help -g' list available subcommands and some\nconcept guides. See 'git help <command>' or 'git help <concept>'\nto read about a specific subcommand or concept.\nSee 'git help git' for an overview of the system.\n""
[0m12:39:00.204412 [debug] [MainThread]: STDERR: "b''"
[0m12:39:00.211411 [debug] [MainThread]: Acquiring new clickhouse connection 'debug'
[0m12:39:00.211411 [debug] [MainThread]: Opening a new connection, currently in state init
[0m12:39:04.564359 [debug] [MainThread]: dbt_clickhouse adapter: On debug: select 1 as id...
[0m12:39:04.680335 [debug] [MainThread]: dbt_clickhouse adapter: SQL status: OK in 0.12 seconds
[0m12:39:04.680335 [debug] [MainThread]: Sending event: {'category': 'dbt', 'action': 'invocation', 'label': 'end', 'context': [<snowplow_tracker.self_describing_json.SelfDescribingJson object at 0x0000027F73483730>, <snowplow_tracker.self_describing_json.SelfDescribingJson object at 0x0000027F733C19D0>, <snowplow_tracker.self_describing_json.SelfDescribingJson object at 0x0000027F71484520>]}
[0m12:39:04.689599 [debug] [MainThread]: Flushing usage events
[0m12:39:05.281181 [debug] [MainThread]: Connection 'debug' was left open.
[0m12:39:05.281181 [debug] [MainThread]: On debug: Close


============================== 2023-05-04 12:40:06.368063 | 02c74e7c-84b3-4b5f-9308-e37a42b0c1e4 ==============================
[0m12:40:06.368063 [info ] [MainThread]: Running with dbt=1.4.6
[0m12:40:06.383690 [debug] [MainThread]: running dbt with arguments {'write_json': True, 'use_colors': True, 'printer_width': 80, 'version_check': True, 'partial_parse': True, 'static_parser': True, 'profiles_dir': 'C:\\Users\\Nikolay\\.dbt', 'send_anonymous_usage_stats': True, 'quiet': False, 'no_print': False, 'cache_selected_only': False, 'config_dir': False, 'which': 'debug', 'indirect_selection': 'eager'}
[0m12:40:06.383690 [debug] [MainThread]: Tracking: tracking
[0m12:40:06.404711 [debug] [MainThread]: Sending event: {'category': 'dbt', 'action': 'invocation', 'label': 'start', 'context': [<snowplow_tracker.self_describing_json.SelfDescribingJson object at 0x0000013341EE7A90>, <snowplow_tracker.self_describing_json.SelfDescribingJson object at 0x0000013341EC2D00>, <snowplow_tracker.self_describing_json.SelfDescribingJson object at 0x0000013341EC28E0>]}
[0m12:40:06.475711 [debug] [MainThread]: Executing "git --help"
[0m12:40:06.502724 [debug] [MainThread]: STDOUT: "b"usage: git [--version] [--help] [-C <path>] [-c <name>=<value>]\n           [--exec-path[=<path>]] [--html-path] [--man-path] [--info-path]\n           [-p | --paginate | -P | --no-pager] [--no-replace-objects] [--bare]\n           [--git-dir=<path>] [--work-tree=<path>] [--namespace=<name>]\n           [--super-prefix=<path>] [--config-env=<name>=<envvar>]\n           <command> [<args>]\n\nThese are common Git commands used in various situations:\n\nstart a working area (see also: git help tutorial)\n   clone     Clone a repository into a new directory\n   init      Create an empty Git repository or reinitialize an existing one\n\nwork on the current change (see also: git help everyday)\n   add       Add file contents to the index\n   mv        Move or rename a file, a directory, or a symlink\n   restore   Restore working tree files\n   rm        Remove files from the working tree and from the index\n\nexamine the history and state (see also: git help revisions)\n   bisect    Use binary search to find the commit that introduced a bug\n   diff      Show changes between commits, commit and working tree, etc\n   grep      Print lines matching a pattern\n   log       Show commit logs\n   show      Show various types of objects\n   status    Show the working tree status\n\ngrow, mark and tweak your common history\n   branch    List, create, or delete branches\n   commit    Record changes to the repository\n   merge     Join two or more development histories together\n   rebase    Reapply commits on top of another base tip\n   reset     Reset current HEAD to the specified state\n   switch    Switch branches\n   tag       Create, list, delete or verify a tag object signed with GPG\n\ncollaborate (see also: git help workflows)\n   fetch     Download objects and refs from another repository\n   pull      Fetch from and integrate with another repository or a local branch\n   push      Update remote refs along with associated objects\n\n'git help -a' and 'git help -g' list available subcommands and some\nconcept guides. See 'git help <command>' or 'git help <concept>'\nto read about a specific subcommand or concept.\nSee 'git help git' for an overview of the system.\n""
[0m12:40:06.503724 [debug] [MainThread]: STDERR: "b''"
[0m12:40:06.511724 [debug] [MainThread]: Acquiring new clickhouse connection 'debug'
[0m12:40:06.512726 [debug] [MainThread]: Opening a new connection, currently in state init
[0m12:40:22.686933 [debug] [MainThread]: dbt_clickhouse adapter: On debug: select 1 as id...
[0m12:40:23.136815 [debug] [MainThread]: dbt_clickhouse adapter: SQL status: OK in 0.45 seconds
[0m12:40:23.152450 [debug] [MainThread]: Sending event: {'category': 'dbt', 'action': 'invocation', 'label': 'end', 'context': [<snowplow_tracker.self_describing_json.SelfDescribingJson object at 0x000001333E40D0A0>, <snowplow_tracker.self_describing_json.SelfDescribingJson object at 0x0000013341F871C0>, <snowplow_tracker.self_describing_json.SelfDescribingJson object at 0x0000013341F870A0>]}
[0m12:40:23.152450 [debug] [MainThread]: Flushing usage events
[0m12:40:23.747766 [debug] [MainThread]: Connection 'debug' was left open.
[0m12:40:23.749767 [debug] [MainThread]: On debug: Close
